app/build/intermediates/manifest_merge_blame_file/debug/processDebugMainManifest/manifest-merger-blame-debug-report.txt
1<?xml version="1.0" encoding="utf-8"?>
2<manifest xmlns:android="http://schemas.android.com/apk/res/android"
3    package="vn.edu.tlu.nhom7.calendar"
4    android:versionCode="1"
5    android:versionName="1.0" >
6
7    <uses-sdk
8        android:minSdkVersion="24"
9        android:targetSdkVersion="34" />
10
11    <uses-permission android:name="android.permission.VIBRATE" />
11-->src\main\AndroidManifest.xml:5:5-65
11-->src\main\AndroidManifest.xml:5:22-63
12    <uses-permission android:name="android.permission.INTERNET" />
12-->src\main\AndroidManifest.xml:6:5-67
12-->src\main\AndroidManifest.xml:6:22-64
13    <uses-permission android:name="android.permission.POST_NOTIFICATIONS" />
13-->src\main\AndroidManifest.xml:7:5-77
13-->src\main\AndroidManifest.xml:7:22-74
14    <uses-permission android:name="android.permission.SCHEDULE_EXACT_ALARM" />
14-->src\main\AndroidManifest.xml:8:5-79
14-->src\main\AndroidManifest.xml:8:22-76
15    <uses-permission android:name="android.permission.USE_EXACT_ALARM" />
15-->src\main\AndroidManifest.xml:9:5-74
15-->src\main\AndroidManifest.xml:9:22-71
16    <uses-permission android:name="android.permission.WAKE_LOCK" />
16-->src\main\AndroidManifest.xml:10:5-68
16-->src\main\AndroidManifest.xml:10:22-65
17    <uses-permission android:name="android.permission.ACCESS_FINE_LOCATION" />
17-->src\main\AndroidManifest.xml:11:5-79
17-->src\main\AndroidManifest.xml:11:22-76
18    <uses-permission android:name="android.permission.ACCESS_COARSE_LOCATION" />
18-->src\main\AndroidManifest.xml:12:5-81
18-->src\main\AndroidManifest.xml:12:22-78
19    <uses-permission android:name="android.permission.ACCESS_NETWORK_STATE" />
19-->src\main\AndroidManifest.xml:13:5-78
19-->src\main\AndroidManifest.xml:13:22-76
20    <uses-permission android:name="android.permission.READ_EXTERNAL_STORAGE" />
20-->src\main\AndroidManifest.xml:14:5-109
20-->src\main\AndroidManifest.xml:14:22-77
21
22    <uses-feature
22-->[com.google.android.gms:play-services-maps:18.1.0] AndroidManifest.xml:26:5-28:35
23        android:glEsVersion="0x00020000"
23-->[com.google.android.gms:play-services-maps:18.1.0] AndroidManifest.xml:27:9-41
24        android:required="true" />
24-->[com.google.android.gms:play-services-maps:18.1.0] AndroidManifest.xml:28:9-32
25
26    <queries>
26-->[com.google.android.gms:play-services-maps:18.1.0] AndroidManifest.xml:30:5-34:15
27
28        <!-- Needs to be explicitly declared on Android R+ -->
29        <package android:name="com.google.android.apps.maps" />
29-->[com.google.android.gms:play-services-maps:18.1.0] AndroidManifest.xml:33:9-64
29-->[com.google.android.gms:play-services-maps:18.1.0] AndroidManifest.xml:33:18-61
30    </queries>
31
32    <uses-permission android:name="com.google.android.providers.gsf.permission.READ_GSERVICES" />
32-->[com.google.android.recaptcha:recaptcha:18.4.0] AndroidManifest.xml:9:5-98
32-->[com.google.android.recaptcha:recaptcha:18.4.0] AndroidManifest.xml:9:22-95
33
34    <permission
34-->[androidx.core:core:1.13.0] AndroidManifest.xml:22:5-24:47
35        android:name="vn.edu.tlu.nhom7.calendar.DYNAMIC_RECEIVER_NOT_EXPORTED_PERMISSION"
35-->[androidx.core:core:1.13.0] AndroidManifest.xml:23:9-81
36        android:protectionLevel="signature" />
36-->[androidx.core:core:1.13.0] AndroidManifest.xml:24:9-44
37
38    <uses-permission android:name="vn.edu.tlu.nhom7.calendar.DYNAMIC_RECEIVER_NOT_EXPORTED_PERMISSION" />
38-->[androidx.core:core:1.13.0] AndroidManifest.xml:26:5-97
38-->[androidx.core:core:1.13.0] AndroidManifest.xml:26:22-94
39
40    <supports-screens
40-->[org.osmdroid:osmdroid-android:6.1.13] AndroidManifest.xml:9:5-12:40
41        android:anyDensity="true"
41-->[org.osmdroid:osmdroid-android:6.1.13] AndroidManifest.xml:10:9-34
42        android:largeScreens="true"
42-->[org.osmdroid:osmdroid-android:6.1.13] AndroidManifest.xml:11:9-36
43        android:normalScreens="true" />
43-->[org.osmdroid:osmdroid-android:6.1.13] AndroidManifest.xml:12:9-37
44
45    <uses-feature
45-->[org.osmdroid:osmdroid-android:6.1.13] AndroidManifest.xml:14:5-16:36
46        android:name="android.hardware.location.network"
46-->[org.osmdroid:osmdroid-android:6.1.13] AndroidManifest.xml:15:9-57
47        android:required="false" />
47-->[org.osmdroid:osmdroid-android:6.1.13] AndroidManifest.xml:16:9-33
48    <uses-feature
48-->[org.osmdroid:osmdroid-android:6.1.13] AndroidManifest.xml:17:5-19:36
49        android:name="android.hardware.location.gps"
49-->[org.osmdroid:osmdroid-android:6.1.13] AndroidManifest.xml:18:9-53
50        android:required="false" />
50-->[org.osmdroid:osmdroid-android:6.1.13] AndroidManifest.xml:19:9-33
51    <uses-feature
51-->[org.osmdroid:osmdroid-android:6.1.13] AndroidManifest.xml:20:5-22:36
52        android:name="android.hardware.telephony"
52-->[org.osmdroid:osmdroid-android:6.1.13] AndroidManifest.xml:21:9-50
53        android:required="false" />
53-->[org.osmdroid:osmdroid-android:6.1.13] AndroidManifest.xml:22:9-33
54    <uses-feature
54-->[org.osmdroid:osmdroid-android:6.1.13] AndroidManifest.xml:23:5-25:36
55        android:name="android.hardware.wifi"
55-->[org.osmdroid:osmdroid-android:6.1.13] AndroidManifest.xml:24:9-45
56        android:required="false" />
56-->[org.osmdroid:osmdroid-android:6.1.13] AndroidManifest.xml:25:9-33
57
58    <uses-permission android:name="com.google.android.finsky.permission.BIND_GET_INSTALL_REFERRER_SERVICE" />
58-->[com.android.installreferrer:installreferrer:1.0] AndroidManifest.xml:9:5-110
58-->[com.android.installreferrer:installreferrer:1.0] AndroidManifest.xml:9:22-107
59
60    <application
60-->src\main\AndroidManifest.xml:16:5-96:19
61        android:allowBackup="true"
61-->src\main\AndroidManifest.xml:17:9-35
62        android:appComponentFactory="androidx.core.app.CoreComponentFactory"
62-->[androidx.core:core:1.13.0] AndroidManifest.xml:28:18-86
63        android:dataExtractionRules="@xml/data_extraction_rules"
63-->src\main\AndroidManifest.xml:19:9-65
64        android:debuggable="true"
65        android:extractNativeLibs="false"
66        android:fullBackupContent="@xml/backup_rules"
66-->src\main\AndroidManifest.xml:20:9-54
67        android:icon="@mipmap/ic_launcher"
67-->src\main\AndroidManifest.xml:21:9-43
68        android:label="@string/app_name"
68-->src\main\AndroidManifest.xml:22:9-41
69        android:networkSecurityConfig="@xml/network_security_config"
69-->src\main\AndroidManifest.xml:25:9-69
70        android:roundIcon="@mipmap/ic_launcher_round"
70-->src\main\AndroidManifest.xml:23:9-54
71        android:supportsRtl="true"
71-->src\main\AndroidManifest.xml:24:9-35
72        android:testOnly="true"
73        android:theme="@style/Theme.Calendar"
73-->src\main\AndroidManifest.xml:26:9-46
74        android:usesCleartextTraffic="true" >
74-->src\main\AndroidManifest.xml:18:9-44
75
76        <!-- Đăng ký các receiver -->
77        <receiver android:name="vn.edu.tlu.nhom7.calendar.activity.notification.NotificationReceiver" />
77-->src\main\AndroidManifest.xml:30:9-80
77-->src\main\AndroidManifest.xml:30:19-77
78        <receiver android:name="vn.edu.tlu.nhom7.calendar.activity.alarm.AlarmReceiver" />
78-->src\main\AndroidManifest.xml:31:9-66
78-->src\main\AndroidManifest.xml:31:19-63
79        <receiver android:name="vn.edu.tlu.nhom7.calendar.activity.timer.TimerActivity$NotificationReceiver" />
79-->src\main\AndroidManifest.xml:32:9-87
79-->src\main\AndroidManifest.xml:32:19-84
80
81        <service android:name="vn.edu.tlu.nhom7.calendar.TimerService" />
81-->src\main\AndroidManifest.xml:35:9-49
81-->src\main\AndroidManifest.xml:35:18-46
82
83        <!-- Đăng ký các activity -->
84        <activity
84-->src\main\AndroidManifest.xml:38:9-84
85            android:name="vn.edu.tlu.nhom7.calendar.activity.MainActivity"
85-->src\main\AndroidManifest.xml:38:19-56
86            android:exported="false" />
86-->src\main\AndroidManifest.xml:38:57-81
87        <activity android:name="vn.edu.tlu.nhom7.calendar.activity.alarm.AlarmActivity" />
87-->src\main\AndroidManifest.xml:39:9-66
87-->src\main\AndroidManifest.xml:39:19-63
88        <activity android:name="vn.edu.tlu.nhom7.calendar.activity.map.MapActivity" />
88-->src\main\AndroidManifest.xml:40:9-62
88-->src\main\AndroidManifest.xml:40:19-59
89        <activity android:name="vn.edu.tlu.nhom7.calendar.activity.timer.TimerActivity" />
89-->src\main\AndroidManifest.xml:41:9-75
89-->src\main\AndroidManifest.xml:41:19-63
90        <activity
90-->src\main\AndroidManifest.xml:43:9-45:40
91            android:name="vn.edu.tlu.nhom7.calendar.activity.notification.NotificationActivity"
91-->src\main\AndroidManifest.xml:44:13-71
92            android:exported="false" />
92-->src\main\AndroidManifest.xml:45:13-37
93        <activity
93-->src\main\AndroidManifest.xml:46:9-48:40
94            android:name="vn.edu.tlu.nhom7.calendar.activity.notification.NotificationHelper"
94-->src\main\AndroidManifest.xml:47:13-69
95            android:exported="false" />
95-->src\main\AndroidManifest.xml:48:13-37
96        <activity
96-->src\main\AndroidManifest.xml:49:9-51:40
97            android:name="vn.edu.tlu.nhom7.calendar.activity.task.CreateTaskActivity"
97-->src\main\AndroidManifest.xml:50:13-61
98            android:exported="false" />
98-->src\main\AndroidManifest.xml:51:13-37
99        <activity
99-->src\main\AndroidManifest.xml:53:9-55:40
100            android:name="vn.edu.tlu.nhom7.calendar.activity.task.ShowTaskActivity"
100-->src\main\AndroidManifest.xml:54:13-59
101            android:exported="false" />
101-->src\main\AndroidManifest.xml:55:13-37
102        <activity
102-->src\main\AndroidManifest.xml:56:9-58:40
103            android:name="vn.edu.tlu.nhom7.calendar.activity.task.TaskFragment"
103-->src\main\AndroidManifest.xml:57:13-55
104            android:exported="false" />
104-->src\main\AndroidManifest.xml:58:13-37
105        <activity
105-->src\main\AndroidManifest.xml:59:9-61:40
106            android:name="vn.edu.tlu.nhom7.calendar.activity.task.UpdateTaskActivity"
106-->src\main\AndroidManifest.xml:60:13-61
107            android:exported="false" />
107-->src\main\AndroidManifest.xml:61:13-37
108        <activity
108-->src\main\AndroidManifest.xml:62:9-64:40
109            android:name="vn.edu.tlu.nhom7.calendar.activity.user.Login"
109-->src\main\AndroidManifest.xml:63:13-48
110            android:exported="false" />
110-->src\main\AndroidManifest.xml:64:13-37
111        <activity
111-->src\main\AndroidManifest.xml:65:9-67:40
112            android:name="vn.edu.tlu.nhom7.calendar.activity.user.Sign_Up"
112-->src\main\AndroidManifest.xml:66:13-50
113            android:exported="false" />
113-->src\main\AndroidManifest.xml:67:13-37
114        <activity
114-->src\main\AndroidManifest.xml:68:9-70:40
115            android:name="vn.edu.tlu.nhom7.calendar.activity.user.UserProfile"
115-->src\main\AndroidManifest.xml:69:13-54
116            android:exported="false" />
116-->src\main\AndroidManifest.xml:70:13-37
117        <activity
117-->src\main\AndroidManifest.xml:71:9-78:20
118            android:name="vn.edu.tlu.nhom7.calendar.activity.user.MainSignUp"
118-->src\main\AndroidManifest.xml:72:13-53
119            android:exported="true" >
119-->src\main\AndroidManifest.xml:73:13-36
120            <intent-filter>
120-->src\main\AndroidManifest.xml:74:13-77:29
121                <action android:name="android.intent.action.MAIN" />
121-->src\main\AndroidManifest.xml:75:17-69
121-->src\main\AndroidManifest.xml:75:25-66
122
123                <category android:name="android.intent.category.LAUNCHER" />
123-->src\main\AndroidManifest.xml:76:17-77
123-->src\main\AndroidManifest.xml:76:27-74
124            </intent-filter>
125        </activity>
126
127        <meta-data
127-->src\main\AndroidManifest.xml:80:9-107
128            android:name="com.facebook.sdk.ApplicationId"
128-->src\main\AndroidManifest.xml:80:20-65
129            android:value="@string/facebook_app_id" />
129-->src\main\AndroidManifest.xml:80:66-105
130        <meta-data
130-->src\main\AndroidManifest.xml:81:9-111
131            android:name="com.facebook.sdk.ClientToken"
131-->src\main\AndroidManifest.xml:81:20-63
132            android:value="@string/facebook_client_token" />
132-->src\main\AndroidManifest.xml:81:64-109
133
134        <activity
134-->src\main\AndroidManifest.xml:83:9-85:48
135            android:name="com.facebook.FacebookActivity"
135-->src\main\AndroidManifest.xml:83:19-63
136            android:configChanges="keyboard|keyboardHidden|screenLayout|screenSize|orientation"
136-->src\main\AndroidManifest.xml:84:13-96
137            android:label="@string/app_name"
137-->src\main\AndroidManifest.xml:85:13-45
138            android:theme="@style/com_facebook_activity_theme" />
138-->[com.facebook.android:facebook-common:8.2.0] AndroidManifest.xml:33:13-63
139        <activity
139-->src\main\AndroidManifest.xml:86:9-95:20
140            android:name="com.facebook.CustomTabActivity"
140-->src\main\AndroidManifest.xml:87:13-58
141            android:exported="true" >
141-->src\main\AndroidManifest.xml:88:13-36
142            <intent-filter>
142-->src\main\AndroidManifest.xml:89:13-94:29
143                <action android:name="android.intent.action.VIEW" />
143-->src\main\AndroidManifest.xml:90:17-69
143-->src\main\AndroidManifest.xml:90:25-66
144
145                <category android:name="android.intent.category.DEFAULT" />
145-->src\main\AndroidManifest.xml:91:17-76
145-->src\main\AndroidManifest.xml:91:27-73
146                <category android:name="android.intent.category.BROWSABLE" />
146-->src\main\AndroidManifest.xml:92:17-78
146-->src\main\AndroidManifest.xml:92:27-75
147
148                <data android:scheme="@string/fb_login_protocol_scheme" />
148-->src\main\AndroidManifest.xml:93:17-75
148-->src\main\AndroidManifest.xml:93:23-72
149            </intent-filter>
150            <intent-filter>
150-->[com.facebook.android:facebook-common:8.2.0] AndroidManifest.xml:39:13-48:29
151                <action android:name="android.intent.action.VIEW" />
151-->src\main\AndroidManifest.xml:90:17-69
151-->src\main\AndroidManifest.xml:90:25-66
152
153                <category android:name="android.intent.category.DEFAULT" />
153-->src\main\AndroidManifest.xml:91:17-76
153-->src\main\AndroidManifest.xml:91:27-73
154                <category android:name="android.intent.category.BROWSABLE" />
154-->src\main\AndroidManifest.xml:92:17-78
154-->src\main\AndroidManifest.xml:92:27-75
155
156                <data
156-->src\main\AndroidManifest.xml:93:17-75
157                    android:host="cct.vn.edu.tlu.nhom7.calendar"
158                    android:scheme="fbconnect" />
158-->src\main\AndroidManifest.xml:93:23-72
159            </intent-filter>
160        </activity>
161        <activity android:name="com.facebook.CustomTabMainActivity" />
161-->[com.facebook.android:facebook-common:8.2.0] AndroidManifest.xml:34:9-71
161-->[com.facebook.android:facebook-common:8.2.0] AndroidManifest.xml:34:19-68
162        <activity
162-->[com.google.firebase:firebase-auth:23.0.0] AndroidManifest.xml:29:9-46:20
163            android:name="com.google.firebase.auth.internal.GenericIdpActivity"
163-->[com.google.firebase:firebase-auth:23.0.0] AndroidManifest.xml:30:13-80
164            android:excludeFromRecents="true"
164-->[com.google.firebase:firebase-auth:23.0.0] AndroidManifest.xml:31:13-46
165            android:exported="true"
165-->[com.google.firebase:firebase-auth:23.0.0] AndroidManifest.xml:32:13-36
166            android:launchMode="singleTask"
166-->[com.google.firebase:firebase-auth:23.0.0] AndroidManifest.xml:33:13-44
167            android:theme="@android:style/Theme.Translucent.NoTitleBar" >
167-->[com.google.firebase:firebase-auth:23.0.0] AndroidManifest.xml:34:13-72
168            <intent-filter>
168-->[com.google.firebase:firebase-auth:23.0.0] AndroidManifest.xml:35:13-45:29
169                <action android:name="android.intent.action.VIEW" />
169-->src\main\AndroidManifest.xml:90:17-69
169-->src\main\AndroidManifest.xml:90:25-66
170
171                <category android:name="android.intent.category.DEFAULT" />
171-->src\main\AndroidManifest.xml:91:17-76
171-->src\main\AndroidManifest.xml:91:27-73
172                <category android:name="android.intent.category.BROWSABLE" />
172-->src\main\AndroidManifest.xml:92:17-78
172-->src\main\AndroidManifest.xml:92:27-75
173
174                <data
174-->src\main\AndroidManifest.xml:93:17-75
175                    android:host="firebase.auth"
176                    android:path="/"
177                    android:scheme="genericidp" />
177-->src\main\AndroidManifest.xml:93:23-72
178            </intent-filter>
179        </activity>
180        <activity
180-->[com.google.firebase:firebase-auth:23.0.0] AndroidManifest.xml:47:9-64:20
181            android:name="com.google.firebase.auth.internal.RecaptchaActivity"
181-->[com.google.firebase:firebase-auth:23.0.0] AndroidManifest.xml:48:13-79
182            android:excludeFromRecents="true"
182-->[com.google.firebase:firebase-auth:23.0.0] AndroidManifest.xml:49:13-46
183            android:exported="true"
183-->[com.google.firebase:firebase-auth:23.0.0] AndroidManifest.xml:50:13-36
184            android:launchMode="singleTask"
184-->[com.google.firebase:firebase-auth:23.0.0] AndroidManifest.xml:51:13-44
185            android:theme="@android:style/Theme.Translucent.NoTitleBar" >
185-->[com.google.firebase:firebase-auth:23.0.0] AndroidManifest.xml:52:13-72
186            <intent-filter>
186-->[com.google.firebase:firebase-auth:23.0.0] AndroidManifest.xml:53:13-63:29
187                <action android:name="android.intent.action.VIEW" />
187-->src\main\AndroidManifest.xml:90:17-69
187-->src\main\AndroidManifest.xml:90:25-66
188
189                <category android:name="android.intent.category.DEFAULT" />
189-->src\main\AndroidManifest.xml:91:17-76
189-->src\main\AndroidManifest.xml:91:27-73
190                <category android:name="android.intent.category.BROWSABLE" />
190-->src\main\AndroidManifest.xml:92:17-78
190-->src\main\AndroidManifest.xml:92:27-75
191
192                <data
192-->src\main\AndroidManifest.xml:93:17-75
193                    android:host="firebase.auth"
194                    android:path="/"
195                    android:scheme="recaptcha" />
195-->src\main\AndroidManifest.xml:93:23-72
196            </intent-filter>
197        </activity>
198
199        <service
199-->[com.google.firebase:firebase-auth:23.0.0] AndroidManifest.xml:66:9-72:19
200            android:name="com.google.firebase.components.ComponentDiscoveryService"
200-->[com.google.firebase:firebase-auth:23.0.0] AndroidManifest.xml:67:13-84
201            android:directBootAware="true"
201-->[com.google.firebase:firebase-common:21.0.0] AndroidManifest.xml:32:13-43
202            android:exported="false" >
202-->[com.google.firebase:firebase-auth:23.0.0] AndroidManifest.xml:68:13-37
203            <meta-data
203-->[com.google.firebase:firebase-auth:23.0.0] AndroidManifest.xml:69:13-71:85
204                android:name="com.google.firebase.components:com.google.firebase.auth.FirebaseAuthRegistrar"
204-->[com.google.firebase:firebase-auth:23.0.0] AndroidManifest.xml:70:17-109
205                android:value="com.google.firebase.components.ComponentRegistrar" />
205-->[com.google.firebase:firebase-auth:23.0.0] AndroidManifest.xml:71:17-82
206            <meta-data
206-->[com.google.firebase:firebase-firestore:25.0.0] AndroidManifest.xml:17:13-19:85
207                android:name="com.google.firebase.components:com.google.firebase.firestore.FirebaseFirestoreKtxRegistrar"
207-->[com.google.firebase:firebase-firestore:25.0.0] AndroidManifest.xml:18:17-122
208                android:value="com.google.firebase.components.ComponentRegistrar" />
208-->[com.google.firebase:firebase-firestore:25.0.0] AndroidManifest.xml:19:17-82
209            <meta-data
209-->[com.google.firebase:firebase-firestore:25.0.0] AndroidManifest.xml:20:13-22:85
210                android:name="com.google.firebase.components:com.google.firebase.firestore.FirestoreRegistrar"
210-->[com.google.firebase:firebase-firestore:25.0.0] AndroidManifest.xml:21:17-111
211                android:value="com.google.firebase.components.ComponentRegistrar" />
211-->[com.google.firebase:firebase-firestore:25.0.0] AndroidManifest.xml:22:17-82
212            <meta-data
212-->[com.google.firebase:firebase-database:21.0.0] AndroidManifest.xml:29:13-31:85
213                android:name="com.google.firebase.components:com.google.firebase.database.FirebaseDatabaseKtxRegistrar"
213-->[com.google.firebase:firebase-database:21.0.0] AndroidManifest.xml:30:17-120
214                android:value="com.google.firebase.components.ComponentRegistrar" />
214-->[com.google.firebase:firebase-database:21.0.0] AndroidManifest.xml:31:17-82
215            <meta-data
215-->[com.google.firebase:firebase-database:21.0.0] AndroidManifest.xml:32:13-34:85
216                android:name="com.google.firebase.components:com.google.firebase.database.DatabaseRegistrar"
216-->[com.google.firebase:firebase-database:21.0.0] AndroidManifest.xml:33:17-109
217                android:value="com.google.firebase.components.ComponentRegistrar" />
217-->[com.google.firebase:firebase-database:21.0.0] AndroidManifest.xml:34:17-82
218            <meta-data
218-->[com.google.firebase:firebase-storage:21.0.0] AndroidManifest.xml:30:13-32:85
219                android:name="com.google.firebase.components:com.google.firebase.storage.FirebaseStorageKtxRegistrar"
219-->[com.google.firebase:firebase-storage:21.0.0] AndroidManifest.xml:31:17-118
220                android:value="com.google.firebase.components.ComponentRegistrar" />
220-->[com.google.firebase:firebase-storage:21.0.0] AndroidManifest.xml:32:17-82
221            <meta-data
221-->[com.google.firebase:firebase-storage:21.0.0] AndroidManifest.xml:33:13-35:85
222                android:name="com.google.firebase.components:com.google.firebase.storage.StorageRegistrar"
222-->[com.google.firebase:firebase-storage:21.0.0] AndroidManifest.xml:34:17-107
223                android:value="com.google.firebase.components.ComponentRegistrar" />
223-->[com.google.firebase:firebase-storage:21.0.0] AndroidManifest.xml:35:17-82
224            <meta-data
224-->[com.google.firebase:firebase-appcheck:18.0.0] AndroidManifest.xml:25:13-27:85
225                android:name="com.google.firebase.components:com.google.firebase.appcheck.FirebaseAppCheckKtxRegistrar"
225-->[com.google.firebase:firebase-appcheck:18.0.0] AndroidManifest.xml:26:17-120
226                android:value="com.google.firebase.components.ComponentRegistrar" />
226-->[com.google.firebase:firebase-appcheck:18.0.0] AndroidManifest.xml:27:17-82
227            <meta-data
227-->[com.google.firebase:firebase-appcheck:18.0.0] AndroidManifest.xml:28:13-30:85
228                android:name="com.google.firebase.components:com.google.firebase.appcheck.FirebaseAppCheckRegistrar"
228-->[com.google.firebase:firebase-appcheck:18.0.0] AndroidManifest.xml:29:17-117
229                android:value="com.google.firebase.components.ComponentRegistrar" />
229-->[com.google.firebase:firebase-appcheck:18.0.0] AndroidManifest.xml:30:17-82
230            <meta-data
230-->[com.google.firebase:firebase-common-ktx:21.0.0] AndroidManifest.xml:12:13-14:85
231                android:name="com.google.firebase.components:com.google.firebase.ktx.FirebaseCommonLegacyRegistrar"
231-->[com.google.firebase:firebase-common-ktx:21.0.0] AndroidManifest.xml:13:17-116
232                android:value="com.google.firebase.components.ComponentRegistrar" />
232-->[com.google.firebase:firebase-common-ktx:21.0.0] AndroidManifest.xml:14:17-82
233            <meta-data
233-->[com.google.firebase:firebase-common:21.0.0] AndroidManifest.xml:35:13-37:85
234                android:name="com.google.firebase.components:com.google.firebase.FirebaseCommonKtxRegistrar"
234-->[com.google.firebase:firebase-common:21.0.0] AndroidManifest.xml:36:17-109
235                android:value="com.google.firebase.components.ComponentRegistrar" />
235-->[com.google.firebase:firebase-common:21.0.0] AndroidManifest.xml:37:17-82
236        </service>
237        <service
237-->[androidx.credentials:credentials-play-services-auth:1.2.0-rc01] AndroidManifest.xml:24:9-32:19
238            android:name="androidx.credentials.playservices.CredentialProviderMetadataHolder"
238-->[androidx.credentials:credentials-play-services-auth:1.2.0-rc01] AndroidManifest.xml:25:13-94
239            android:enabled="true"
239-->[androidx.credentials:credentials-play-services-auth:1.2.0-rc01] AndroidManifest.xml:26:13-35
240            android:exported="false" >
240-->[androidx.credentials:credentials-play-services-auth:1.2.0-rc01] AndroidManifest.xml:27:13-37
241            <meta-data
241-->[androidx.credentials:credentials-play-services-auth:1.2.0-rc01] AndroidManifest.xml:29:13-31:104
242                android:name="androidx.credentials.CREDENTIAL_PROVIDER_KEY"
242-->[androidx.credentials:credentials-play-services-auth:1.2.0-rc01] AndroidManifest.xml:30:17-76
243                android:value="androidx.credentials.playservices.CredentialProviderPlayServicesImpl" />
243-->[androidx.credentials:credentials-play-services-auth:1.2.0-rc01] AndroidManifest.xml:31:17-101
244        </service>
245
246        <activity
246-->[androidx.credentials:credentials-play-services-auth:1.2.0-rc01] AndroidManifest.xml:34:9-41:20
247            android:name="androidx.credentials.playservices.HiddenActivity"
247-->[androidx.credentials:credentials-play-services-auth:1.2.0-rc01] AndroidManifest.xml:35:13-76
248            android:configChanges="orientation|screenSize|screenLayout|keyboardHidden"
248-->[androidx.credentials:credentials-play-services-auth:1.2.0-rc01] AndroidManifest.xml:36:13-87
249            android:enabled="true"
249-->[androidx.credentials:credentials-play-services-auth:1.2.0-rc01] AndroidManifest.xml:37:13-35
250            android:exported="false"
250-->[androidx.credentials:credentials-play-services-auth:1.2.0-rc01] AndroidManifest.xml:38:13-37
251            android:fitsSystemWindows="true"
251-->[androidx.credentials:credentials-play-services-auth:1.2.0-rc01] AndroidManifest.xml:39:13-45
252            android:theme="@style/Theme.Hidden" >
252-->[androidx.credentials:credentials-play-services-auth:1.2.0-rc01] AndroidManifest.xml:40:13-48
253        </activity>
254        <activity
254-->[com.google.android.gms:play-services-auth:21.2.0] AndroidManifest.xml:23:9-27:75
255            android:name="com.google.android.gms.auth.api.signin.internal.SignInHubActivity"
255-->[com.google.android.gms:play-services-auth:21.2.0] AndroidManifest.xml:24:13-93
256            android:excludeFromRecents="true"
256-->[com.google.android.gms:play-services-auth:21.2.0] AndroidManifest.xml:25:13-46
257            android:exported="false"
257-->[com.google.android.gms:play-services-auth:21.2.0] AndroidManifest.xml:26:13-37
258            android:theme="@android:style/Theme.Translucent.NoTitleBar" />
258-->[com.google.android.gms:play-services-auth:21.2.0] AndroidManifest.xml:27:13-72
259        <!--
260            Service handling Google Sign-In user revocation. For apps that do not integrate with
261            Google Sign-In, this service will never be started.
262        -->
263        <service
263-->[com.google.android.gms:play-services-auth:21.2.0] AndroidManifest.xml:33:9-37:51
264            android:name="com.google.android.gms.auth.api.signin.RevocationBoundService"
264-->[com.google.android.gms:play-services-auth:21.2.0] AndroidManifest.xml:34:13-89
265            android:exported="true"
265-->[com.google.android.gms:play-services-auth:21.2.0] AndroidManifest.xml:35:13-36
266            android:permission="com.google.android.gms.auth.api.signin.permission.REVOCATION_NOTIFICATION"
266-->[com.google.android.gms:play-services-auth:21.2.0] AndroidManifest.xml:36:13-107
267            android:visibleToInstantApps="true" /> <!-- Needs to be explicitly declared on P+ -->
267-->[com.google.android.gms:play-services-auth:21.2.0] AndroidManifest.xml:37:13-48
268        <uses-library
268-->[com.google.android.gms:play-services-maps:18.1.0] AndroidManifest.xml:39:9-41:40
269            android:name="org.apache.http.legacy"
269-->[com.google.android.gms:play-services-maps:18.1.0] AndroidManifest.xml:40:13-50
270            android:required="false" />
270-->[com.google.android.gms:play-services-maps:18.1.0] AndroidManifest.xml:41:13-37
271
272        <provider
272-->[com.google.firebase:firebase-common:21.0.0] AndroidManifest.xml:23:9-28:39
273            android:name="com.google.firebase.provider.FirebaseInitProvider"
273-->[com.google.firebase:firebase-common:21.0.0] AndroidManifest.xml:24:13-77
274            android:authorities="vn.edu.tlu.nhom7.calendar.firebaseinitprovider"
274-->[com.google.firebase:firebase-common:21.0.0] AndroidManifest.xml:25:13-72
275            android:directBootAware="true"
275-->[com.google.firebase:firebase-common:21.0.0] AndroidManifest.xml:26:13-43
276            android:exported="false"
276-->[com.google.firebase:firebase-common:21.0.0] AndroidManifest.xml:27:13-37
277            android:initOrder="100" />
277-->[com.google.firebase:firebase-common:21.0.0] AndroidManifest.xml:28:13-36
278
279        <activity
279-->[com.google.android.gms:play-services-base:18.3.0] AndroidManifest.xml:20:9-22:45
280            android:name="com.google.android.gms.common.api.GoogleApiActivity"
280-->[com.google.android.gms:play-services-base:18.3.0] AndroidManifest.xml:20:19-85
281            android:exported="false"
281-->[com.google.android.gms:play-services-base:18.3.0] AndroidManifest.xml:22:19-43
282            android:theme="@android:style/Theme.Translucent.NoTitleBar" />
282-->[com.google.android.gms:play-services-base:18.3.0] AndroidManifest.xml:21:19-78
283